c:\users\valued user\documents\kdu\september 2019\graphics programming\assignment 1\assignment 1 gp\assignment 1 gp\debug\vc141.pdb
c:\users\valued user\documents\kdu\september 2019\graphics programming\assignment 1\assignment 1 gp\assignment 1 gp\debug\vc141.idb
c:\users\valued user\documents\kdu\september 2019\graphics programming\assignment 1\assignment 1 gp\assignment 1 gp\debug\main.obj
c:\users\valued user\documents\kdu\september 2019\graphics programming\assignment 1\assignment 1 gp\assignment 1 gp\debug\vector3.obj
c:\users\valued user\documents\kdu\september 2019\graphics programming\assignment 1\assignment 1 gp\debug\assignment 1 gp.exe
c:\users\valued user\documents\kdu\september 2019\graphics programming\assignment 1\assignment 1 gp\debug\assignment 1 gp.ilk
c:\users\valued user\documents\kdu\september 2019\graphics programming\assignment 1\assignment 1 gp\debug\assignment 1 gp.pdb
c:\users\valued user\documents\kdu\[dated] september 2019\graphics programming\assignment 1\assignment 1 gp\assignment 1 gp\debug\main.obj
c:\users\valued user\documents\kdu\[dated] september 2019\graphics programming\assignment 1\assignment 1 gp\assignment 1 gp\debug\vector3.obj
c:\users\valued user\documents\kdu\[dated] september 2019\graphics programming\assignment 1\assignment 1 gp\assignment 1 gp\debug\vc141.idb
c:\users\valued user\documents\kdu\[dated] september 2019\graphics programming\assignment 1\assignment 1 gp\assignment 1 gp\debug\vc141.pdb
c:\users\valued user\documents\kdu\[dated] september 2019\graphics programming\assignment 1\assignment 1 gp\debug\assignment 1 gp.pdb
c:\users\valued user\documents\kdu\[dated] september 2019\graphics programming\assignment 1\assignment 1 gp\debug\assignment 1 gp.exe
c:\users\valued user\documents\kdu\[dated] september 2019\graphics programming\assignment 1\assignment 1 gp\debug\assignment 1 gp.ilk
c:\users\valued user\documents\kdu\[dated] september 2019\graphics programming\assignment 1\assignment 1 gp\assignment 1 gp\debug\assignment 1 gp.tlog\cl.command.1.tlog
c:\users\valued user\documents\kdu\[dated] september 2019\graphics programming\assignment 1\assignment 1 gp\assignment 1 gp\debug\assignment 1 gp.tlog\cl.read.1.tlog
c:\users\valued user\documents\kdu\[dated] september 2019\graphics programming\assignment 1\assignment 1 gp\assignment 1 gp\debug\assignment 1 gp.tlog\cl.write.1.tlog
c:\users\valued user\documents\kdu\[dated] september 2019\graphics programming\assignment 1\assignment 1 gp\assignment 1 gp\debug\assignment 1 gp.tlog\link.command.1.tlog
c:\users\valued user\documents\kdu\[dated] september 2019\graphics programming\assignment 1\assignment 1 gp\assignment 1 gp\debug\assignment 1 gp.tlog\link.read.1.tlog
c:\users\valued user\documents\kdu\[dated] september 2019\graphics programming\assignment 1\assignment 1 gp\assignment 1 gp\debug\assignment 1 gp.tlog\link.write.1.tlog
